<?xml version="1.0" encoding="UTF-8"?>
<!-- Generated by org.testng.reporters.JUnitReportReporter -->
<testsuite hostname="DESKTOP-F44VBTV" failures="0" tests="3" name="testcases.OpenAccountTest" time="0.333" errors="0" timestamp="2023-02-14T10:39:54 IST" skipped="3">
  <testcase classname="testcases.OpenAccountTest" name="openAccount" time="0.090">
    <skipped/>
  </testcase> <!-- openAccount -->
  <system-out/>
  <testcase classname="testcases.OpenAccountTest" name="openAccount" time="0.085">
    <skipped/>
  </testcase> <!-- openAccount -->
  <system-out/>
  <testcase classname="testcases.OpenAccountTest" name="openAccount" time="0.158">
    <skipped/>
  </testcase> <!-- openAccount -->
  <system-out/>
</testsuite> <!-- testcases.OpenAccountTest -->
