<?xml version="1.0" encoding="UTF-8"?>
<!-- Generated by org.testng.reporters.JUnitReportReporter -->
<testsuite hostname="DESKTOP-F44VBTV" failures="0" tests="3" name="testcases.OpenAccountTest" time="13.083" errors="0" timestamp="2023-02-08T22:53:47 IST" skipped="1">
  <testcase classname="testcases.OpenAccountTest" name="openAccount" time="0.087">
    <skipped/>
  </testcase> <!-- openAccount -->
  <system-out/>
  <testcase classname="testcases.OpenAccountTest" name="openAccount" time="10.831"/>
  <system-out>
    <![CDATA[Click on Open_Account_Button
Click on Process_Button]]>
  </system-out>
  <testcase classname="testcases.OpenAccountTest" name="openAccount" time="2.165"/>
  <system-out>
    <![CDATA[Click on Bank_Manager_Login_Button
Click on Open_Account_Button
Click on Process_Button]]>
  </system-out>
</testsuite> <!-- testcases.OpenAccountTest -->
