<?xml version="1.0" encoding="UTF-8"?>
<!-- Generated by org.testng.reporters.JUnitReportReporter -->
<testsuite hostname="DESKTOP-F44VBTV" failures="0" tests="4" name="testcases.AddCustomerTest" time="12.739" errors="0" timestamp="2023-02-22T21:55:29 IST" skipped="0">
  <testcase classname="testcases.AddCustomerTest" name="verifyAddcustomerButton" time="0.002"/>
  <system-out/>
  <testcase classname="testcases.AddCustomerTest" name="addCustomer" time="1.844"/>
  <system-out>
    <![CDATA[Click on Bank_Manager_Login_Button
Click on Add_Customer_Button
Enter < test1 > in firstname
Enter < check1 > in lastname
Enter < 123456 > in postcode
Click on Add_Customer_Button
test passed]]>
  </system-out>
  <testcase classname="testcases.AddCustomerTest" name="verifyfields" time="0.013"/>
  <system-out/>
  <testcase classname="testcases.AddCustomerTest" name="addCustomer" time="10.880"/>
  <system-out>
    <![CDATA[Click on Add_Customer_Button
Enter < test2 > in firstname
Enter < check2 > in lastname
Enter < 654321 > in postcode
Click on Add_Customer_Button
test passed]]>
  </system-out>
</testsuite> <!-- testcases.AddCustomerTest -->
