<?xml version="1.0" encoding="UTF-8"?>
<!-- Generated by org.testng.reporters.JUnitReportReporter -->
<testsuite hostname="DESKTOP-F44VBTV" failures="0" tests="2" name="testcases.OpenAccountTest" time="10.886" errors="0" timestamp="2023-02-22T21:55:29 IST" skipped="0">
  <testcase classname="testcases.OpenAccountTest" name="openAccount" time="0.636"/>
  <system-out>
    <![CDATA[Click on Bank_Manager_Login_Button
Click on Open_Account_Button]]>
  </system-out>
  <testcase classname="testcases.OpenAccountTest" name="openAccount" time="10.250"/>
  <system-out>
    <![CDATA[Click on Open_Account_Button]]>
  </system-out>
</testsuite> <!-- testcases.OpenAccountTest -->
