<?xml version="1.0" encoding="UTF-8"?>
<!-- Generated by org.testng.reporters.JUnitReportReporter -->
<testsuite hostname="DESKTOP-F44VBTV" failures="0" tests="2" name="testcases.AddCustomerTest" time="10.796" errors="0" timestamp="2023-02-08T22:53:47 IST" skipped="1">
  <testcase classname="testcases.AddCustomerTest" name="addCustomer" time="10.597"/>
  <system-out>
    <![CDATA[Click on Bank_Manager_Login_Button
Click on Add_Customer_Button
Enter < test1 > in firstname
Enter < check1 > in lastname
Enter < 123456 > in postcode
Click on Add_Customer_Button
test passed]]>
  </system-out>
  <testcase classname="testcases.AddCustomerTest" name="addCustomer" time="0.199">
    <skipped/>
  </testcase> <!-- addCustomer -->
  <system-out/>
</testsuite> <!-- testcases.AddCustomerTest -->
