<?xml version="1.0" encoding="UTF-8"?>
<!-- Generated by org.testng.reporters.JUnitReportReporter -->
<testsuite hostname="DESKTOP-F44VBTV" failures="0" tests="1" name="testcases.LoginTest" time="0.103" errors="0" timestamp="2023-02-08T22:53:47 IST" skipped="1">
  <testcase classname="testcases.LoginTest" name="managerLogin" time="0.103">
    <skipped/>
  </testcase> <!-- managerLogin -->
  <system-out/>
</testsuite> <!-- testcases.LoginTest -->
