<?xml version="1.0" encoding="UTF-8"?>
<!-- Generated by org.testng.reporters.JUnitReportReporter -->
<testsuite hostname="DESKTOP-F44VBTV" failures="0" tests="1" name="testcases.LoginTest" time="0.380" errors="0" timestamp="2023-02-22T21:55:29 IST" skipped="0">
  <testcase classname="testcases.LoginTest" name="managerLogin" time="0.380"/>
  <system-out>
    <![CDATA[Click on Bank_Manager_Login_Button
test passed]]>
  </system-out>
</testsuite> <!-- testcases.LoginTest -->
